for        -1
(          -1
uint       -1
IDENTIFIER 9
=          -1
CONSTANT   0
;          -1
IDENTIFIER 9
>          -1
CONSTANT   12
;          -1
IDENTIFIER 9
=          -1
IDENTIFIER 9
-          -1
CONSTANT   12
)          -1
{          -1
print      -1
(          -1
string     -1
(          -1
IDENTIFIER 9
)          -1
,          -1
CONSTANT   1
,          -1
string     -1
(          -1
IDENTIFIER 9
)          -1
,          -1
CONSTANT   7
)          -1
;          -1
print      -1
(          -1
CONSTANT   8
,          -1
string     -1
(          -1
IDENTIFIER 9
-          -1
CONSTANT   12
)          -1
,          -1
CONSTANT   15
)          -1
;          -1
}          -1
print      -1
(          -1
CONSTANT   5
)          -1
;          -1
print      -1
(          -1
CONSTANT   2
)          -1
;          -1
