print      -1
(          -1
CONSTANT   0
)          -1
;          -1
uint       -1
IDENTIFIER 3
=          -1
uint       -1
(          -1
read       -1
(          -1
CONSTANT   14
)          -1
)          -1
;          -1
uint       -1
IDENTIFIER 5
=          -1
uint       -1
(          -1
read       -1
(          -1
CONSTANT   6
)          -1
)          -1
;          -1
uint       -1
IDENTIFIER 1
[          -1
IDENTIFIER 3
]          -1
;          -1
uint       -1
IDENTIFIER 29
=          -1
CONSTANT   8
;          -1
for        -1
(          -1
uint       -1
IDENTIFIER 4
=          -1
CONSTANT   8
;          -1
IDENTIFIER 4
<          -1
IDENTIFIER 3
;          -1
IDENTIFIER 4
=          -1
IDENTIFIER 4
+          -1
CONSTANT   28
)          -1
{          -1
IDENTIFIER 1
[          -1
IDENTIFIER 4
]          -1
=          -1
uint       -1
(          -1
rand       -1
(          -1
)          -1
*          -1
IDENTIFIER 5
)          -1
;          -1
IDENTIFIER 29
=          -1
IDENTIFIER 29
+          -1
IDENTIFIER 1
[          -1
IDENTIFIER 4
]          -1
;          -1
}          -1
bool       -1
IDENTIFIER 26
=          -1
CONSTANT   24
;          -1
while      -1
(          -1
IDENTIFIER 29
>          -1
CONSTANT   8
)          -1
{          -1
print      -1
(          -1
CONSTANT   2
)          -1
;          -1
for        -1
(          -1
uint       -1
IDENTIFIER 4
=          -1
CONSTANT   8
;          -1
IDENTIFIER 4
<          -1
IDENTIFIER 3
;          -1
IDENTIFIER 4
=          -1
IDENTIFIER 4
+          -1
CONSTANT   28
)          -1
{          -1
print      -1
(          -1
string     -1
(          -1
IDENTIFIER 4
)          -1
,          -1
CONSTANT   15
,          -1
string     -1
(          -1
IDENTIFIER 1
[          -1
IDENTIFIER 4
]          -1
)          -1
)          -1
}          -1
print      -1
(          -1
CONSTANT   23
)          -1
;          -1
if         -1
(          -1
IDENTIFIER 26
)          -1
{          -1
print      -1
(          -1
CONSTANT   7
)          -1
;          -1
uint       -1
IDENTIFIER 17
=          -1
CONSTANT   8
;          -1
for        -1
(          -1
uint       -1
IDENTIFIER 4
=          -1
CONSTANT   8
;          -1
IDENTIFIER 4
<          -1
IDENTIFIER 3
;          -1
IDENTIFIER 4
=          -1
IDENTIFIER 4
+          -1
CONSTANT   28
)          -1
{          -1
IDENTIFIER 17
=          -1
IDENTIFIER 17
^          -1
IDENTIFIER 1
[          -1
IDENTIFIER 4
]          -1
;          -1
}          -1
if         -1
(          -1
IDENTIFIER 17
==         -1
CONSTANT   8
)          -1
{          -1
print      -1
(          -1
CONSTANT   22
)          -1
;          -1
}          -1
uint       -1
IDENTIFIER 9
,          -1
IDENTIFIER 31
;          -1
for        -1
(          -1
uint       -1
IDENTIFIER 4
=          -1
CONSTANT   8
;          -1
IDENTIFIER 4
<          -1
IDENTIFIER 3
;          -1
IDENTIFIER 4
=          -1
IDENTIFIER 4
+          -1
CONSTANT   28
)          -1
{          -1
if         -1
(          -1
IDENTIFIER 17
^          -1
IDENTIFIER 1
[          -1
IDENTIFIER 4
]          -1
<          -1
IDENTIFIER 1
[          -1
IDENTIFIER 4
]          -1
)          -1
{          -1
IDENTIFIER 9
=          -1
IDENTIFIER 1
[          -1
IDENTIFIER 4
]          -1
-          -1
IDENTIFIER 17
^          -1
IDENTIFIER 1
[          -1
IDENTIFIER 4
]          -1
;          -1
IDENTIFIER 31
=          -1
IDENTIFIER 4
;          -1
break      -1
;          -1
}          -1
}          -1
print      -1
(          -1
CONSTANT   10
,          -1
string     -1
(          -1
IDENTIFIER 9
)          -1
,          -1
CONSTANT   11
,          -1
string     -1
(          -1
IDENTIFIER 31
)          -1
,          -1
CONSTANT   23
)          -1
;          -1
IDENTIFIER 1
[          -1
IDENTIFIER 31
]          -1
=          -1
IDENTIFIER 1
[          -1
IDENTIFIER 31
]          -1
-          -1
IDENTIFIER 9
;          -1
IDENTIFIER 29
=          -1
IDENTIFIER 29
-          -1
IDENTIFIER 9
;          -1
}          -1
else       -1
{          -1
print      -1
(          -1
CONSTANT   12
)          -1
;          -1
uint       -1
IDENTIFIER 13
=          -1
read       -1
(          -1
CONSTANT   16
)          -1
;          -1
uint       -1
IDENTIFIER 20
=          -1
read       -1
(          -1
CONSTANT   27
)          -1
;          -1
if         -1
(          -1
IDENTIFIER 13
>=         -1
IDENTIFIER 3
)          -1
{          -1
print      -1
(          -1
CONSTANT   18
,          -1
string     -1
(          -1
IDENTIFIER 13
)          -1
,          -1
CONSTANT   19
)          -1
;          -1
IDENTIFIER 26
=          -1
!          -1
IDENTIFIER 26
;          -1
continue   -1
;          -1
}          -1
if         -1
(          -1
IDENTIFIER 20
>          -1
IDENTIFIER 1
[          -1
IDENTIFIER 13
]          -1
)          -1
{          -1
print      -1
(          -1
CONSTANT   18
,          -1
string     -1
(          -1
IDENTIFIER 13
)          -1
,          -1
CONSTANT   21
)          -1
;          -1
}          -1
IDENTIFIER 1
[          -1
IDENTIFIER 13
]          -1
=          -1
IDENTIFIER 1
[          -1
IDENTIFIER 13
]          -1
-          -1
IDENTIFIER 20
;          -1
IDENTIFIER 29
=          -1
IDENTIFIER 29
-          -1
IDENTIFIER 20
;          -1
}          -1
}          -1
print      -1
(          -1
CONSTANT   25
)          -1
;          -1
