IDENTIFIER 7
=          -1
CONSTANT   23
+          -1
CONSTANT   22
int        -1
IDENTIFIER 7
,          -1
IDENTIFIER 20
;          -1
uint       -1
IDENTIFIER 17
;          -1
print      -1
(          -1
CONSTANT   2
)          -1
;          -1
IDENTIFIER 7
=          -1
int        -1
(          -1
read       -1
(          -1
CONSTANT   8
)          -1
)          -1
;          -1
IDENTIFIER 20
=          -1
int        -1
(          -1
read       -1
(          -1
CONSTANT   1
)          -1
)          -1
;          -1
IDENTIFIER 17
=          -1
uint       -1
(          -1
read       -1
(          -1
CONSTANT   0
)          -1
)          -1
;          -1
if         -1
(          -1
IDENTIFIER 17
==         -1
CONSTANT   3
)          -1
{          -1
error      -1
(          -1
CONSTANT   15
)          -1
;          -1
exit       -1
(          -1
CONSTANT   11
)          -1
;          -1
}          -1
if         -1
(          -1
IDENTIFIER 17
==         -1
CONSTANT   28
)          -1
{          -1
print      -1
(          -1
CONSTANT   4
,          -1
string     -1
(          -1
IDENTIFIER 7
)          -1
)          -1
;          -1
exit       -1
(          -1
CONSTANT   3
)          -1
;          -1
}          -1
if         -1
(          -1
IDENTIFIER 17
==         -1
CONSTANT   21
)          -1
{          -1
print      -1
(          -1
CONSTANT   4
,          -1
string     -1
(          -1
IDENTIFIER 20
)          -1
)          -1
;          -1
exit       -1
(          -1
CONSTANT   3
)          -1
;          -1
}          -1
while      -1
(          -1
IDENTIFIER 17
>          -1
CONSTANT   3
)          -1
{          -1
int        -1
IDENTIFIER 13
;          -1
IDENTIFIER 13
=          -1
IDENTIFIER 7
+          -1
IDENTIFIER 20
;          -1
IDENTIFIER 7
=          -1
IDENTIFIER 20
;          -1
IDENTIFIER 20
=          -1
IDENTIFIER 13
;          -1
IDENTIFIER 17
=          -1
IDENTIFIER 17
-          -1
CONSTANT   28
;          -1
}          -1
print      -1
(          -1
CONSTANT   4
,          -1
string     -1
(          -1
IDENTIFIER 20
)          -1
,          -1
CONSTANT   5
)          -1
;          -1
