int        -1
IDENTIFIER 7
,          -1
IDENTIFIER 4
;          -1
uint       -1
IDENTIFIER 1
;          -1
print      -1
(          -1
CONSTANT   2
)          -1
;          -1
IDENTIFIER 7
=          -1
int        -1
(          -1
read       -1
(          -1
CONSTANT   8
)          -1
)          -1
;          -1
IDENTIFIER 4
=          -1
int        -1
(          -1
read       -1
(          -1
CONSTANT   12
)          -1
)          -1
;          -1
IDENTIFIER 1
=          -1
uint       -1
(          -1
read       -1
(          -1
CONSTANT   0
)          -1
)          -1
;          -1
if         -1
(          -1
IDENTIFIER 1
==         -1
CONSTANT   15
)          -1
{          -1
error      -1
(          -1
CONSTANT   3
)          -1
;          -1
exit       -1
(          -1
CONSTANT   11
)          -1
;          -1
}          -1
if         -1
(          -1
IDENTIFIER 1
==         -1
CONSTANT   5
)          -1
{          -1
print      -1
(          -1
CONSTANT   6
,          -1
string     -1
(          -1
IDENTIFIER 7
)          -1
)          -1
;          -1
exit       -1
(          -1
CONSTANT   15
)          -1
;          -1
}          -1
if         -1
(          -1
IDENTIFIER 1
==         -1
CONSTANT   9
)          -1
{          -1
print      -1
(          -1
CONSTANT   6
,          -1
string     -1
(          -1
IDENTIFIER 4
)          -1
)          -1
;          -1
exit       -1
(          -1
CONSTANT   15
)          -1
;          -1
}          -1
while      -1
(          -1
IDENTIFIER 1
>          -1
CONSTANT   15
)          -1
{          -1
int        -1
IDENTIFIER 13
;          -1
IDENTIFIER 13
=          -1
IDENTIFIER 7
+          -1
IDENTIFIER 4
;          -1
IDENTIFIER 7
=          -1
IDENTIFIER 4
;          -1
IDENTIFIER 4
=          -1
IDENTIFIER 13
;          -1
IDENTIFIER 1
=          -1
IDENTIFIER 1
-          -1
CONSTANT   5
;          -1
}          -1
print      -1
(          -1
CONSTANT   6
,          -1
string     -1
(          -1
IDENTIFIER 4
)          -1
,          -1
CONSTANT   10
)          -1
;          -1
